TN:
SF:src\App.jsx
FN:8,App
FNF:1
FNH:0
FNDA:0,App
DA:9,0
LF:1
LH:0
BRF:0
BRH:0
end_of_record
TN:
SF:src\index.jsx
FNF:0
FNH:0
DA:9,0
LF:1
LH:0
BRF:0
BRH:0
end_of_record
TN:
SF:src\reportWebVitals.js
FN:1,(anonymous_0)
FN:3,(anonymous_1)
FNF:2
FNH:0
FNDA:0,(anonymous_0)
FNDA:0,(anonymous_1)
DA:1,0
DA:2,0
DA:3,0
DA:6,0
DA:7,0
DA:8,0
DA:9,0
DA:10,0
LF:8
LH:0
BRDA:2,0,0,0
BRDA:2,0,1,0
BRDA:2,1,0,0
BRDA:2,1,1,0
BRF:4
BRH:0
end_of_record
TN:
SF:src\components\CountryItem.jsx
FN:8,(anonymous_0)
FN:12,(anonymous_1)
FN:24,(anonymous_2)
FN:29,(anonymous_3)
FN:37,(anonymous_4)
FN:39,(anonymous_5)
FN:44,(anonymous_6)
FNF:7
FNH:3
FNDA:245,(anonymous_0)
FNDA:4,(anonymous_1)
FNDA:5,(anonymous_2)
FNDA:0,(anonymous_3)
FNDA:0,(anonymous_4)
FNDA:0,(anonymous_5)
FNDA:0,(anonymous_6)
DA:6,1
DA:8,1
DA:9,245
DA:12,1
DA:13,4
DA:15,4
DA:16,2
DA:17,2
DA:18,2
DA:21,4
DA:24,1
DA:25,5
DA:26,5
DA:29,1
DA:30,0
DA:31,0
DA:32,0
DA:33,0
DA:35,0
DA:37,0
DA:38,0
DA:40,0
DA:41,0
DA:44,0
DA:47,0
DA:48,0
DA:67,0
LF:27
LH:14
BRDA:15,0,0,2
BRDA:15,0,1,2
BRDA:21,1,0,4
BRDA:21,1,1,0
BRDA:40,2,0,0
BRDA:40,2,1,0
BRDA:47,3,0,0
BRDA:47,3,1,0
BRF:8
BRH:3
end_of_record
TN:
SF:src\components\Details.jsx
FN:12,(anonymous_0)
FN:16,Details
FN:21,(anonymous_2)
FN:22,(anonymous_3)
FN:24,(anonymous_4)
FN:28,(anonymous_5)
FN:29,(anonymous_6)
FN:59,(anonymous_7)
FNF:8
FNH:8
FNDA:245,(anonymous_0)
FNDA:4,Details
FNDA:4,(anonymous_2)
FNDA:4,(anonymous_3)
FNDA:4,(anonymous_4)
FNDA:4,(anonymous_5)
FNDA:4,(anonymous_6)
FNDA:3,(anonymous_7)
DA:10,1
DA:12,1
DA:13,245
DA:17,4
DA:18,4
DA:19,4
DA:21,4
DA:22,4
DA:24,4
DA:25,4
DA:28,4
DA:29,4
DA:30,4
DA:31,4
DA:32,4
DA:33,0
DA:35,4
DA:38,4
DA:41,4
DA:60,3
LF:20
LH:19
BRDA:32,0,0,0
BRDA:32,0,1,4
BRDA:32,1,0,4
BRDA:32,1,1,0
BRDA:54,2,0,3
BRDA:54,2,1,1
BRF:6
BRH:4
end_of_record
TN:
SF:src\components\Filter.jsx
FN:4,App
FN:7,(anonymous_1)
FNF:2
FNH:0
FNDA:0,App
FNDA:0,(anonymous_1)
DA:5,0
DA:7,0
DA:8,0
DA:11,0
LF:4
LH:0
BRF:0
BRH:0
end_of_record
TN:
SF:src\components\Header.jsx
FN:6,(anonymous_0)
FN:7,(anonymous_1)
FNF:2
FNH:1
FNDA:2,(anonymous_0)
FNDA:0,(anonymous_1)
DA:6,1
DA:7,2
DA:11,2
LF:3
LH:3
BRDA:13,0,0,1
BRDA:13,0,1,1
BRF:2
BRH:2
end_of_record
TN:
SF:src\components\Home.jsx
FN:7,Home
FN:11,(anonymous_1)
FN:17,(anonymous_2)
FN:23,(anonymous_3)
FNF:4
FNH:0
FNDA:0,Home
FNDA:0,(anonymous_1)
FNDA:0,(anonymous_2)
FNDA:0,(anonymous_3)
DA:8,0
DA:9,0
DA:11,0
DA:12,0
DA:13,0
DA:17,0
DA:19,0
DA:24,0
LF:8
LH:0
BRDA:12,0,0,0
BRDA:12,0,1,0
BRDA:12,1,0,0
BRDA:12,1,1,0
BRDA:23,2,0,0
BRDA:23,2,1,0
BRF:6
BRH:0
end_of_record
TN:
SF:src\components\countriesImgPath.js
FNF:0
FNH:0
DA:1,1
LF:1
LH:1
BRF:0
BRH:0
end_of_record
TN:
SF:src\components\countryCode.jsx
FNF:0
FNH:0
DA:1,1
LF:1
LH:1
BRF:0
BRH:0
end_of_record
TN:
SF:src\store\companiesSlice.jsx
FN:13,(anonymous_0)
FN:17,(anonymous_1)
FN:25,(anonymous_2)
FN:25,(anonymous_3)
FN:32,(anonymous_4)
FN:47,(anonymous_5)
FN:48,(anonymous_6)
FNF:7
FNH:2
FNDA:0,(anonymous_0)
FNDA:0,(anonymous_1)
FNDA:0,(anonymous_2)
FNDA:0,(anonymous_3)
FNDA:0,(anonymous_4)
FNDA:1,(anonymous_5)
FNDA:1,(anonymous_6)
DA:4,1
DA:9,1
DA:14,0
DA:15,0
DA:18,0
DA:23,1
DA:25,1
DA:26,0
DA:27,0
DA:29,0
DA:30,0
DA:32,0
DA:33,0
DA:34,0
DA:35,0
DA:38,0
DA:40,0
DA:42,0
DA:43,0
DA:47,1
DA:48,1
LF:21
LH:6
BRDA:34,0,0,0
BRDA:34,0,1,0
BRDA:38,1,0,0
BRDA:38,1,1,0
BRF:4
BRH:0
end_of_record
TN:
SF:src\store\countriesSlice.jsx
FN:13,(anonymous_0)
FN:17,(anonymous_1)
FN:25,(anonymous_2)
FN:25,(anonymous_3)
FN:34,(anonymous_4)
FN:40,(anonymous_5)
FN:46,(anonymous_6)
FN:55,(anonymous_7)
FN:56,(anonymous_8)
FNF:9
FNH:2
FNDA:0,(anonymous_0)
FNDA:0,(anonymous_1)
FNDA:0,(anonymous_2)
FNDA:0,(anonymous_3)
FNDA:0,(anonymous_4)
FNDA:0,(anonymous_5)
FNDA:0,(anonymous_6)
FNDA:1,(anonymous_7)
FNDA:1,(anonymous_8)
DA:4,1
DA:9,1
DA:14,0
DA:15,0
DA:18,0
DA:23,1
DA:25,1
DA:26,0
DA:27,0
DA:29,0
DA:32,0
DA:34,0
DA:35,0
DA:36,0
DA:37,0
DA:40,0
DA:46,0
DA:48,0
DA:50,0
DA:51,0
DA:55,1
DA:56,1
LF:22
LH:6
BRDA:36,0,0,0
BRDA:36,0,1,0
BRF:2
BRH:0
end_of_record
TN:
SF:src\store\store.jsx
FNF:0
FNH:0
LF:0
LH:0
BRF:0
BRH:0
end_of_record
